<?xml version="1.0" encoding="UTF-8"?>
<!-- Generated by org.testng.reporters.JUnitReportReporter -->
<testsuite hostname="DESKTOP-NNPQOV8" failures="0" tests="5" name="product_market.ProductMarketTest" time="0.005" errors="0" timestamp="2022-05-26T22:58:43 EEST" skipped="0">
  <testcase classname="product_market.ProductMarketTest" name="testIsAllNames" time="0.002"/>
  <system-out/>
  <testcase classname="product_market.ProductMarketTest" name="testIsAllPricesOverTen" time="0.001"/>
  <system-out/>
  <testcase classname="product_market.ProductMarketTest" name="testIsAllPricesInString" time="0.000"/>
  <system-out/>
  <testcase classname="product_market.ProductMarketTest" name="testIsAllPricesBelowZero" time="0.001"/>
  <system-out/>
  <testcase classname="product_market.ProductMarketTest" name="testIsAllSortedNames" time="0.001"/>
  <system-out/>
</testsuite> <!-- product_market.ProductMarketTest -->
